<?xml version="1.0" encoding="UTF-8"?>
<testng-results skipped="0" failed="0" ignored="0" total="0" passed="0">
  <reporter-output>
  </reporter-output>
  <suite name="com.spotify.music.tests.LoginTest" duration-ms="3" started-at="2018-03-26T20:01:07Z" finished-at="2018-03-26T20:01:07Z">
    <groups>
    </groups>
    <test name="Command line test" duration-ms="3" started-at="2018-03-26T20:01:07Z" finished-at="2018-03-26T20:01:07Z">
    </test> <!-- Command line test -->
  </suite> <!-- com.spotify.music.tests.LoginTest -->
</testng-results>
